<?xml version="1.0" encoding="UTF-8"?>
<!-- Generated by org.testng.reporters.JUnitXMLReporter -->
<testsuite ignored="0" hostname="LAPTOP-Soufien" failures="0" tests="2" name="Default test" time="6.374" errors="0" timestamp="2024-06-17T11:42:40 GMT+01:00">
  <testcase classname="com.qa.api.booking.UpdateAndDeleteBookingTest" name="deleteBookingTest" time="0.585"/>
  <testcase classname="com.qa.api.booking.UpdateAndDeleteBookingTest" name="updateBookingTest" time="0.585"/>
</testsuite> <!-- Default test -->
